{"/Users/ddbiphone/Desktop/react-typescript/src/components/hello.tsx": {"path":"/Users/ddbiphone/Desktop/react-typescript/src/components/hello.tsx","statementMap":{"0":{"start":{"line":2,"column":0},"end":{"line":2,"column":62}},"1":{"start":{"line":3,"column":12},"end":{"line":3,"column":28}},"2":{"start":{"line":4,"column":26},"end":{"line":4,"column":54}},"3":{"start":{"line":5,"column":16},"end":{"line":9,"column":2}},"4":{"start":{"line":7,"column":4},"end":{"line":7,"column":142}},"5":{"start":{"line":10,"column":12},"end":{"line":10,"column":99}},"6":{"start":{"line":10,"column":26},"end":{"line":10,"column":97}},"7":{"start":{"line":11,"column":0},"end":{"line":11,"column":24}}},"fnMap":{"0":{"name":"(anonymous_0)","decl":{"start":{"line":6,"column":46},"end":{"line":6,"column":47}},"loc":{"start":{"line":6,"column":63},"end":{"line":9,"column":1}},"line":6},"1":{"name":"(anonymous_1)","decl":{"start":{"line":10,"column":12},"end":{"line":10,"column":13}},"loc":{"start":{"line":10,"column":24},"end":{"line":10,"column":99}},"line":10}},"branchMap":{"0":{"loc":{"start":{"line":7,"column":11},"end":{"line":7,"column":141}},"type":"binary-expr","locations":[{"start":{"line":7,"column":11},"end":{"line":7,"column":24}},{"start":{"line":7,"column":29},"end":{"line":7,"column":140}}],"line":7}},"s":{"0":1,"1":1,"2":1,"3":1,"4":1,"5":1,"6":2,"7":1},"f":{"0":1,"1":2},"b":{"0":[1,1]},"inputSourceMap":{"version":3,"file":"hello.js","sourceRoot":"","sources":["hello.tsx"],"names":[],"mappings":";;AAAA,6BAA8B;AAC9B,uDAA+C;AAM/C,IAAM,QAAQ,4DAAY,+BAGtB;IAED,IACF,GANgB,2BAAM,CAAC,EAAE,KAGtB,UAAC,KAAY;IAAK,OAAA,KAAK,CAAC,OAAO,uDAAO,+BAEvC,GAFoC,uBAAG,KAEvC;;AAFmB,CAEnB,EACF,CAAA;AAED,IAAM,KAAK,GAAG,cAAM,OAAA,oBAAC,QAAQ,IAAC,OAAO,wBAAuB,EAAxC,CAAwC,CAAA;AAE5D,kBAAe,KAAK,CAAA","sourcesContent":["import * as React from \"react\"\nimport styled, { css } from 'styled-components'\n\ninterface Props {\n  primary?: any\n}\n\nconst StyledH1 = styled.h1`\n  background: #eee;\n  \n  ${(props: Props) => props.primary && css`\n    background: orange;\n  `}\n`\n\nconst Hello = () => <StyledH1 primary>Hello world</StyledH1>\n\nexport default Hello"]},"_coverageSchema":"332fd63041d2c1bcb487cc26dd0d5f7d97098a6c","hash":"3f60f25999285145a62d6a673e3ca436f4ad61f7"}
}
